<?xml version="1.0" encoding="UTF-8"?>
<!-- Generated by org.testng.reporters.JUnitXMLReporter -->
<testsuite hostname="DESKTOP-G5O3F3J" ignored="3" name="policy dg test" tests="2" failures="0" timestamp="03 Oct 2017 04:57:16 GMT" time="55.604" errors="0">
  <testcase name="add_policy" time="14.649" classname="testCases.PolicyTest"/>
  <testcase name="dg_creation" time="17.274" classname="testCases.DGTabTest"/>
  <testcase name="del_policy" time="0.0" classname="testCases.PolicyTest">
    <ignored/>
  </testcase> <!-- del_policy -->
  <testcase name="@BeforeSuite beforeSuite" time="0.0" classname="testCases.HelperTest">
    <ignored/>
  </testcase> <!-- @BeforeSuite beforeSuite -->
  <testcase name="@BeforeSuite beforeSuite" time="0.0" classname="testCases.HelperTest">
    <ignored/>
  </testcase> <!-- @BeforeSuite beforeSuite -->
</testsuite> <!-- policy dg test -->
