<?xml version="1.0" encoding="UTF-8"?>
<!-- Generated by org.testng.reporters.JUnitXMLReporter -->
<testsuite hostname="DESKTOP-G5O3F3J" ignored="3" name="smoke test" tests="2" failures="2" timestamp="26 Sep 2017 18:31:49 GMT" time="0.044" errors="0">
  <testcase name="add_policy" time="0.005" classname="testCases.PolicyTest">
    <failure type="java.lang.NullPointerException">
      <![CDATA[java.lang.NullPointerException
	at testCases.PolicyTest.add_policy(PolicyTest.java:19)
... Removed 25 stack frames]]>
    </failure>
  </testcase> <!-- add_policy -->
  <testcase name="dg_creation" time="0.004" classname="testCases.DGTabTest">
    <failure type="java.lang.NullPointerException">
      <![CDATA[java.lang.NullPointerException
	at testCases.DGTabTest.dg_creation(DGTabTest.java:21)
... Removed 25 stack frames]]>
    </failure>
  </testcase> <!-- dg_creation -->
  <testcase name="del_policy" time="0.0" classname="testCases.PolicyTest">
    <ignored/>
  </testcase> <!-- del_policy -->
  <testcase name="@BeforeSuite beforeSuite" time="0.0" classname="testCases.HelperTest">
    <ignored/>
  </testcase> <!-- @BeforeSuite beforeSuite -->
  <testcase name="@BeforeSuite beforeSuite" time="0.0" classname="testCases.HelperTest">
    <ignored/>
  </testcase> <!-- @BeforeSuite beforeSuite -->
</testsuite> <!-- smoke test -->
